<?xml version="1.0" encoding="UTF-8"?>
<testng-results skipped="0" failed="0" total="2" passed="2">
  <reporter-output>
  </reporter-output>
  <suite name="Suite" duration-ms="17" started-at="2022-06-20T07:22:21Z" finished-at="2022-06-20T07:22:21Z">
    <groups>
    </groups>
    <test name="Test" duration-ms="17" started-at="2022-06-20T07:22:21Z" finished-at="2022-06-20T07:22:21Z">
      <class name="com.app.base.Execution">
        <test-method status="PASS" signature="username(java.lang.String)[pri:0, instance:com.app.base.Execution@ff5b51f]" name="username" duration-ms="5" started-at="2022-06-20T12:52:21Z" finished-at="2022-06-20T12:52:21Z">
          <params>
            <param index="0">
              <value>
                <![CDATA[suryashady]]>
              </value>
            </param>
          </params>
          <reporter-output>
          </reporter-output>
        </test-method> <!-- username -->
        <test-method status="PASS" signature="password(java.lang.String)[pri:1, instance:com.app.base.Execution@ff5b51f]" name="password" duration-ms="0" started-at="2022-06-20T12:52:21Z" finished-at="2022-06-20T12:52:21Z">
          <params>
            <param index="0">
              <value>
                <![CDATA[1234]]>
              </value>
            </param>
          </params>
          <reporter-output>
          </reporter-output>
        </test-method> <!-- password -->
      </class> <!-- com.app.base.Execution -->
    </test> <!-- Test -->
  </suite> <!-- Suite -->
</testng-results>
